<?xml version="1.0" encoding="UTF-8"?>
<!-- Generated by org.testng.reporters.JUnitReportReporter -->
<testsuite hostname="LAPTOP-7VQ11PQH" name="Frameworkdesign.FrameworkDemo.validatingTitle" tests="2" failures="0" timestamp="1 Mar 2021 08:33:59 GMT" time="17.158" errors="0">
  <testcase name="validateTitle2" time="0.172" classname="Frameworkdesign.FrameworkDemo.validatingTitle"/>
  <testcase name="validateTitle" time="16.986" classname="Frameworkdesign.FrameworkDemo.validatingTitle"/>
</testsuite> <!-- Frameworkdesign.FrameworkDemo.validatingTitle -->
