<?xml version="1.0" encoding="UTF-8"?>
<!-- Generated by org.testng.reporters.JUnitReportReporter -->
<testsuite hostname="LAPTOP-7VQ11PQH" name="Frameworkdesign.FrameworkDemo.BasePageNavigation" tests="1" failures="0" timestamp="1 Mar 2021 08:33:59 GMT" time="15.743" errors="0">
  <testcase name="basePageNavigation" time="15.743" classname="Frameworkdesign.FrameworkDemo.BasePageNavigation"/>
</testsuite> <!-- Frameworkdesign.FrameworkDemo.BasePageNavigation -->
