<?xml version="1.0" encoding="UTF-8"?>
<!-- Generated by org.testng.reporters.JUnitReportReporter -->
<testsuite hostname="LAPTOP-7VQ11PQH" name="Frameworkdesign.FrameworkDemo.BasePageNavigation" tests="1" failures="0" timestamp="19 May 2021 19:49:04 GMT" time="9.386" errors="0">
  <testcase name="basePageNavigation" time="9.386" classname="Frameworkdesign.FrameworkDemo.BasePageNavigation"/>
</testsuite> <!-- Frameworkdesign.FrameworkDemo.BasePageNavigation -->
